{"/home/k/cn322/eBPF/backend/repositories/BlacklistRepository.js": {"path":"/home/k/cn322/eBPF/backend/repositories/BlacklistRepository.js","statementMap":{"0":{"start":{"line":16,"column":4},"end":{"line":16,"column":18}},"1":{"start":{"line":27,"column":4},"end":{"line":29,"column":13}},"2":{"start":{"line":37,"column":4},"end":{"line":40,"column":24}},"3":{"start":{"line":40,"column":18},"end":{"line":40,"column":22}},"4":{"start":{"line":49,"column":4},"end":{"line":51,"column":15}},"5":{"start":{"line":62,"column":17},"end":{"line":64,"column":20}},"6":{"start":{"line":65,"column":4},"end":{"line":65,"column":32}},"7":{"start":{"line":74,"column":17},"end":{"line":76,"column":14}},"8":{"start":{"line":77,"column":4},"end":{"line":77,"column":28}},"9":{"start":{"line":81,"column":0},"end":{"line":81,"column":37}}},"fnMap":{"0":{"name":"(anonymous_0)","decl":{"start":{"line":15,"column":2},"end":{"line":15,"column":3}},"loc":{"start":{"line":15,"column":18},"end":{"line":17,"column":3}},"line":15},"1":{"name":"(anonymous_1)","decl":{"start":{"line":26,"column":2},"end":{"line":26,"column":3}},"loc":{"start":{"line":26,"column":12},"end":{"line":30,"column":3}},"line":26},"2":{"name":"(anonymous_2)","decl":{"start":{"line":36,"column":2},"end":{"line":36,"column":3}},"loc":{"start":{"line":36,"column":15},"end":{"line":41,"column":3}},"line":36},"3":{"name":"(anonymous_3)","decl":{"start":{"line":40,"column":11},"end":{"line":40,"column":12}},"loc":{"start":{"line":40,"column":18},"end":{"line":40,"column":22}},"line":40},"4":{"name":"(anonymous_4)","decl":{"start":{"line":48,"column":2},"end":{"line":48,"column":3}},"loc":{"start":{"line":48,"column":15},"end":{"line":52,"column":3}},"line":48},"5":{"name":"(anonymous_5)","decl":{"start":{"line":61,"column":2},"end":{"line":61,"column":3}},"loc":{"start":{"line":61,"column":26},"end":{"line":66,"column":3}},"line":61},"6":{"name":"(anonymous_6)","decl":{"start":{"line":73,"column":2},"end":{"line":73,"column":3}},"loc":{"start":{"line":73,"column":17},"end":{"line":78,"column":3}},"line":73}},"branchMap":{"0":{"loc":{"start":{"line":61,"column":13},"end":{"line":61,"column":24}},"type":"default-arg","locations":[{"start":{"line":61,"column":20},"end":{"line":61,"column":24}}],"line":61}},"s":{"0":1,"1":2,"2":0,"3":0,"4":1,"5":1,"6":1,"7":1,"8":1,"9":1},"f":{"0":1,"1":2,"2":0,"3":0,"4":1,"5":1,"6":1},"b":{"0":[0]},"_coverageSchema":"1a1c01bbd47fc00a2c39e90264f33305004495a9","hash":"91da7d7f8d53ec4ede8adeed170b508c6750b16e"}
,"/home/k/cn322/eBPF/backend/repositories/FeatureFlagRepository.js": {"path":"/home/k/cn322/eBPF/backend/repositories/FeatureFlagRepository.js","statementMap":{"0":{"start":{"line":18,"column":4},"end":{"line":18,"column":18}},"1":{"start":{"line":19,"column":4},"end":{"line":19,"column":17}},"2":{"start":{"line":26,"column":26},"end":{"line":26,"column":95}},"3":{"start":{"line":30,"column":19},"end":{"line":32,"column":5}},"4":{"start":{"line":33,"column":4},"end":{"line":33,"column":71}},"5":{"start":{"line":33,"column":56},"end":{"line":33,"column":69}},"6":{"start":{"line":41,"column":4},"end":{"line":41,"column":75}},"7":{"start":{"line":49,"column":17},"end":{"line":49,"column":31}},"8":{"start":{"line":50,"column":4},"end":{"line":50,"column":72}},"9":{"start":{"line":50,"column":46},"end":{"line":50,"column":69}},"10":{"start":{"line":60,"column":17},"end":{"line":62,"column":33}},"11":{"start":{"line":63,"column":4},"end":{"line":63,"column":28}},"12":{"start":{"line":67,"column":0},"end":{"line":67,"column":39}}},"fnMap":{"0":{"name":"(anonymous_0)","decl":{"start":{"line":17,"column":2},"end":{"line":17,"column":3}},"loc":{"start":{"line":17,"column":18},"end":{"line":20,"column":3}},"line":17},"1":{"name":"(anonymous_1)","decl":{"start":{"line":33,"column":49},"end":{"line":33,"column":50}},"loc":{"start":{"line":33,"column":56},"end":{"line":33,"column":69}},"line":33},"2":{"name":"(anonymous_2)","decl":{"start":{"line":40,"column":2},"end":{"line":40,"column":3}},"loc":{"start":{"line":40,"column":12},"end":{"line":42,"column":3}},"line":40},"3":{"name":"(anonymous_3)","decl":{"start":{"line":48,"column":2},"end":{"line":48,"column":3}},"loc":{"start":{"line":48,"column":17},"end":{"line":51,"column":3}},"line":48},"4":{"name":"(anonymous_4)","decl":{"start":{"line":50,"column":39},"end":{"line":50,"column":40}},"loc":{"start":{"line":50,"column":46},"end":{"line":50,"column":69}},"line":50},"5":{"name":"(anonymous_5)","decl":{"start":{"line":59,"column":2},"end":{"line":59,"column":3}},"loc":{"start":{"line":59,"column":28},"end":{"line":64,"column":3}},"line":59}},"branchMap":{"0":{"loc":{"start":{"line":62,"column":11},"end":{"line":62,"column":26}},"type":"cond-expr","locations":[{"start":{"line":62,"column":21},"end":{"line":62,"column":22}},{"start":{"line":62,"column":25},"end":{"line":62,"column":26}}],"line":62}},"s":{"0":1,"1":1,"2":1,"3":1,"4":1,"5":6,"6":2,"7":2,"8":2,"9":12,"10":1,"11":1,"12":1},"f":{"0":1,"1":6,"2":2,"3":2,"4":12,"5":1},"b":{"0":[0,1]},"_coverageSchema":"1a1c01bbd47fc00a2c39e90264f33305004495a9","hash":"618ac7c2c9fbf3d3d54113374199a9baf4ee52a5"}
,"/home/k/cn322/eBPF/backend/repositories/FloodRateRepository.js": {"path":"/home/k/cn322/eBPF/backend/repositories/FloodRateRepository.js","statementMap":{"0":{"start":{"line":16,"column":4},"end":{"line":16,"column":18}},"1":{"start":{"line":17,"column":4},"end":{"line":17,"column":17}},"2":{"start":{"line":24,"column":23},"end":{"line":24,"column":63}},"3":{"start":{"line":28,"column":21},"end":{"line":32,"column":5}},"4":{"start":{"line":34,"column":19},"end":{"line":36,"column":5}},"5":{"start":{"line":38,"column":4},"end":{"line":40,"column":7}},"6":{"start":{"line":39,"column":6},"end":{"line":39,"column":55}},"7":{"start":{"line":48,"column":4},"end":{"line":50,"column":13}},"8":{"start":{"line":59,"column":4},"end":{"line":61,"column":22}},"9":{"start":{"line":72,"column":17},"end":{"line":76,"column":43}},"10":{"start":{"line":77,"column":4},"end":{"line":77,"column":28}},"11":{"start":{"line":88,"column":17},"end":{"line":90,"column":32}},"12":{"start":{"line":91,"column":4},"end":{"line":91,"column":32}},"13":{"start":{"line":100,"column":4},"end":{"line":102,"column":18}},"14":{"start":{"line":112,"column":4},"end":{"line":114,"column":22}},"15":{"start":{"line":118,"column":0},"end":{"line":118,"column":37}}},"fnMap":{"0":{"name":"(anonymous_0)","decl":{"start":{"line":15,"column":2},"end":{"line":15,"column":3}},"loc":{"start":{"line":15,"column":18},"end":{"line":18,"column":3}},"line":15},"1":{"name":"(anonymous_1)","decl":{"start":{"line":38,"column":37},"end":{"line":38,"column":38}},"loc":{"start":{"line":38,"column":54},"end":{"line":40,"column":5}},"line":38},"2":{"name":"(anonymous_2)","decl":{"start":{"line":47,"column":2},"end":{"line":47,"column":3}},"loc":{"start":{"line":47,"column":12},"end":{"line":51,"column":3}},"line":47},"3":{"name":"(anonymous_3)","decl":{"start":{"line":58,"column":2},"end":{"line":58,"column":3}},"loc":{"start":{"line":58,"column":24},"end":{"line":62,"column":3}},"line":58},"4":{"name":"(anonymous_4)","decl":{"start":{"line":71,"column":2},"end":{"line":71,"column":3}},"loc":{"start":{"line":71,"column":42},"end":{"line":78,"column":3}},"line":71},"5":{"name":"(anonymous_5)","decl":{"start":{"line":87,"column":2},"end":{"line":87,"column":3}},"loc":{"start":{"line":87,"column":31},"end":{"line":92,"column":3}},"line":87},"6":{"name":"(anonymous_6)","decl":{"start":{"line":99,"column":2},"end":{"line":99,"column":3}},"loc":{"start":{"line":99,"column":23},"end":{"line":103,"column":3}},"line":99},"7":{"name":"(anonymous_7)","decl":{"start":{"line":111,"column":2},"end":{"line":111,"column":3}},"loc":{"start":{"line":111,"column":30},"end":{"line":115,"column":3}},"line":111}},"branchMap":{"0":{"loc":{"start":{"line":99,"column":10},"end":{"line":99,"column":21}},"type":"default-arg","locations":[{"start":{"line":99,"column":18},"end":{"line":99,"column":21}}],"line":99},"1":{"loc":{"start":{"line":111,"column":18},"end":{"line":111,"column":28}},"type":"default-arg","locations":[{"start":{"line":111,"column":26},"end":{"line":111,"column":28}}],"line":111}},"s":{"0":1,"1":1,"2":1,"3":1,"4":1,"5":1,"6":3,"7":1,"8":1,"9":1,"10":1,"11":1,"12":1,"13":1,"14":0,"15":1},"f":{"0":1,"1":3,"2":1,"3":1,"4":1,"5":1,"6":1,"7":0},"b":{"0":[0],"1":[0]},"_coverageSchema":"1a1c01bbd47fc00a2c39e90264f33305004495a9","hash":"139e98ce225a06eba0b1943b9c926418bc75604b"}
,"/home/k/cn322/eBPF/backend/services/FirewallService.js": {"path":"/home/k/cn322/eBPF/backend/services/FirewallService.js","statementMap":{"0":{"start":{"line":18,"column":19},"end":{"line":18,"column":44}},"1":{"start":{"line":28,"column":4},"end":{"line":28,"column":47}},"2":{"start":{"line":29,"column":4},"end":{"line":29,"column":46}},"3":{"start":{"line":30,"column":4},"end":{"line":30,"column":40}},"4":{"start":{"line":31,"column":4},"end":{"line":31,"column":35}},"5":{"start":{"line":46,"column":4},"end":{"line":46,"column":44}},"6":{"start":{"line":56,"column":18},"end":{"line":56,"column":47}},"7":{"start":{"line":57,"column":4},"end":{"line":59,"column":5}},"8":{"start":{"line":58,"column":6},"end":{"line":58,"column":87}},"9":{"start":{"line":61,"column":4},"end":{"line":61,"column":55}},"10":{"start":{"line":62,"column":4},"end":{"line":62,"column":97}},"11":{"start":{"line":64,"column":4},"end":{"line":64,"column":45}},"12":{"start":{"line":73,"column":4},"end":{"line":73,"column":41}},"13":{"start":{"line":84,"column":4},"end":{"line":86,"column":5}},"14":{"start":{"line":85,"column":6},"end":{"line":85,"column":55}},"15":{"start":{"line":89,"column":4},"end":{"line":96,"column":5}},"16":{"start":{"line":90,"column":6},"end":{"line":90,"column":48}},"17":{"start":{"line":92,"column":6},"end":{"line":94,"column":7}},"18":{"start":{"line":93,"column":8},"end":{"line":93,"column":66}},"19":{"start":{"line":95,"column":6},"end":{"line":95,"column":16}},"20":{"start":{"line":98,"column":4},"end":{"line":98,"column":45}},"21":{"start":{"line":99,"column":4},"end":{"line":99,"column":28}},"22":{"start":{"line":108,"column":16},"end":{"line":108,"column":48}},"23":{"start":{"line":109,"column":4},"end":{"line":109,"column":68}},"24":{"start":{"line":109,"column":14},"end":{"line":109,"column":68}},"25":{"start":{"line":111,"column":4},"end":{"line":111,"column":39}},"26":{"start":{"line":112,"column":4},"end":{"line":112,"column":56}},"27":{"start":{"line":121,"column":4},"end":{"line":121,"column":36}},"28":{"start":{"line":132,"column":20},"end":{"line":132,"column":32}},"29":{"start":{"line":133,"column":4},"end":{"line":135,"column":5}},"30":{"start":{"line":134,"column":6},"end":{"line":134,"column":74}},"31":{"start":{"line":138,"column":4},"end":{"line":145,"column":5}},"32":{"start":{"line":139,"column":6},"end":{"line":139,"column":48}},"33":{"start":{"line":141,"column":6},"end":{"line":143,"column":7}},"34":{"start":{"line":142,"column":8},"end":{"line":142,"column":62}},"35":{"start":{"line":144,"column":6},"end":{"line":144,"column":16}},"36":{"start":{"line":147,"column":4},"end":{"line":147,"column":58}},"37":{"start":{"line":148,"column":4},"end":{"line":148,"column":39}},"38":{"start":{"line":157,"column":16},"end":{"line":157,"column":43}},"39":{"start":{"line":158,"column":4},"end":{"line":158,"column":63}},"40":{"start":{"line":158,"column":14},"end":{"line":158,"column":63}},"41":{"start":{"line":160,"column":4},"end":{"line":160,"column":34}},"42":{"start":{"line":161,"column":4},"end":{"line":161,"column":62}},"43":{"start":{"line":165,"column":0},"end":{"line":165,"column":33}}},"fnMap":{"0":{"name":"(anonymous_0)","decl":{"start":{"line":27,"column":2},"end":{"line":27,"column":3}},"loc":{"start":{"line":27,"column":85},"end":{"line":32,"column":3}},"line":27},"1":{"name":"(anonymous_1)","decl":{"start":{"line":45,"column":2},"end":{"line":45,"column":3}},"loc":{"start":{"line":45,"column":16},"end":{"line":47,"column":3}},"line":45},"2":{"name":"(anonymous_2)","decl":{"start":{"line":55,"column":2},"end":{"line":55,"column":3}},"loc":{"start":{"line":55,"column":38},"end":{"line":65,"column":3}},"line":55},"3":{"name":"(anonymous_3)","decl":{"start":{"line":72,"column":2},"end":{"line":72,"column":3}},"loc":{"start":{"line":72,"column":17},"end":{"line":74,"column":3}},"line":72},"4":{"name":"(anonymous_4)","decl":{"start":{"line":83,"column":2},"end":{"line":83,"column":3}},"loc":{"start":{"line":83,"column":34},"end":{"line":100,"column":3}},"line":83},"5":{"name":"(anonymous_5)","decl":{"start":{"line":107,"column":2},"end":{"line":107,"column":3}},"loc":{"start":{"line":107,"column":26},"end":{"line":113,"column":3}},"line":107},"6":{"name":"(anonymous_6)","decl":{"start":{"line":120,"column":2},"end":{"line":120,"column":3}},"loc":{"start":{"line":120,"column":21},"end":{"line":122,"column":3}},"line":120},"7":{"name":"(anonymous_7)","decl":{"start":{"line":131,"column":2},"end":{"line":131,"column":3}},"loc":{"start":{"line":131,"column":29},"end":{"line":149,"column":3}},"line":131},"8":{"name":"(anonymous_8)","decl":{"start":{"line":156,"column":2},"end":{"line":156,"column":3}},"loc":{"start":{"line":156,"column":17},"end":{"line":162,"column":3}},"line":156}},"branchMap":{"0":{"loc":{"start":{"line":57,"column":4},"end":{"line":59,"column":5}},"type":"if","locations":[{"start":{"line":57,"column":4},"end":{"line":59,"column":5}},{"start":{},"end":{}}],"line":57},"1":{"loc":{"start":{"line":62,"column":78},"end":{"line":62,"column":93}},"type":"cond-expr","locations":[{"start":{"line":62,"column":88},"end":{"line":62,"column":89}},{"start":{"line":62,"column":92},"end":{"line":62,"column":93}}],"line":62},"2":{"loc":{"start":{"line":83,"column":21},"end":{"line":83,"column":32}},"type":"default-arg","locations":[{"start":{"line":83,"column":28},"end":{"line":83,"column":32}}],"line":83},"3":{"loc":{"start":{"line":84,"column":4},"end":{"line":86,"column":5}},"type":"if","locations":[{"start":{"line":84,"column":4},"end":{"line":86,"column":5}},{"start":{},"end":{}}],"line":84},"4":{"loc":{"start":{"line":92,"column":6},"end":{"line":94,"column":7}},"type":"if","locations":[{"start":{"line":92,"column":6},"end":{"line":94,"column":7}},{"start":{},"end":{}}],"line":92},"5":{"loc":{"start":{"line":109,"column":4},"end":{"line":109,"column":68}},"type":"if","locations":[{"start":{"line":109,"column":4},"end":{"line":109,"column":68}},{"start":{},"end":{}}],"line":109},"6":{"loc":{"start":{"line":131,"column":16},"end":{"line":131,"column":27}},"type":"default-arg","locations":[{"start":{"line":131,"column":23},"end":{"line":131,"column":27}}],"line":131},"7":{"loc":{"start":{"line":133,"column":4},"end":{"line":135,"column":5}},"type":"if","locations":[{"start":{"line":133,"column":4},"end":{"line":135,"column":5}},{"start":{},"end":{}}],"line":133},"8":{"loc":{"start":{"line":133,"column":8},"end":{"line":133,"column":68}},"type":"binary-expr","locations":[{"start":{"line":133,"column":8},"end":{"line":133,"column":34}},{"start":{"line":133,"column":38},"end":{"line":133,"column":49}},{"start":{"line":133,"column":53},"end":{"line":133,"column":68}}],"line":133},"9":{"loc":{"start":{"line":141,"column":6},"end":{"line":143,"column":7}},"type":"if","locations":[{"start":{"line":141,"column":6},"end":{"line":143,"column":7}},{"start":{},"end":{}}],"line":141},"10":{"loc":{"start":{"line":158,"column":4},"end":{"line":158,"column":63}},"type":"if","locations":[{"start":{"line":158,"column":4},"end":{"line":158,"column":63}},{"start":{},"end":{}}],"line":158}},"s":{"0":1,"1":8,"2":8,"3":8,"4":8,"5":1,"6":2,"7":2,"8":1,"9":1,"10":1,"11":1,"12":0,"13":2,"14":1,"15":1,"16":1,"17":1,"18":1,"19":0,"20":0,"21":0,"22":1,"23":1,"24":1,"25":0,"26":0,"27":0,"28":2,"29":2,"30":1,"31":1,"32":1,"33":0,"34":0,"35":0,"36":1,"37":1,"38":1,"39":1,"40":1,"41":0,"42":0,"43":1},"f":{"0":8,"1":1,"2":2,"3":0,"4":2,"5":1,"6":0,"7":2,"8":1},"b":{"0":[1,1],"1":[0,1],"2":[2],"3":[1,1],"4":[1,0],"5":[1,0],"6":[1],"7":[1,1],"8":[2,2,2],"9":[0,0],"10":[1,0]},"_coverageSchema":"1a1c01bbd47fc00a2c39e90264f33305004495a9","hash":"c392e6d64c40477469c48d3d3da9127d92775162"}
,"/home/k/cn322/eBPF/backend/services/FloodService.js": {"path":"/home/k/cn322/eBPF/backend/services/FloodService.js","statementMap":{"0":{"start":{"line":19,"column":4},"end":{"line":19,"column":56}},"1":{"start":{"line":20,"column":4},"end":{"line":20,"column":52}},"2":{"start":{"line":21,"column":4},"end":{"line":21,"column":26}},"3":{"start":{"line":38,"column":18},"end":{"line":38,"column":53}},"4":{"start":{"line":39,"column":18},"end":{"line":39,"column":60}},"5":{"start":{"line":41,"column":4},"end":{"line":46,"column":8}},"6":{"start":{"line":41,"column":32},"end":{"line":46,"column":5}},"7":{"start":{"line":55,"column":4},"end":{"line":57,"column":5}},"8":{"start":{"line":56,"column":6},"end":{"line":56,"column":58}},"9":{"start":{"line":59,"column":17},"end":{"line":59,"column":64}},"10":{"start":{"line":60,"column":4},"end":{"line":60,"column":27}},"11":{"start":{"line":60,"column":15},"end":{"line":60,"column":27}},"12":{"start":{"line":62,"column":18},"end":{"line":62,"column":60}},"13":{"start":{"line":64,"column":4},"end":{"line":69,"column":6}},"14":{"start":{"line":79,"column":4},"end":{"line":81,"column":5}},"15":{"start":{"line":80,"column":6},"end":{"line":80,"column":58}},"16":{"start":{"line":84,"column":26},"end":{"line":84,"column":68}},"17":{"start":{"line":85,"column":4},"end":{"line":88,"column":5}},"18":{"start":{"line":90,"column":19},"end":{"line":90,"column":77}},"19":{"start":{"line":91,"column":4},"end":{"line":91,"column":95}},"20":{"start":{"line":92,"column":4},"end":{"line":92,"column":18}},"21":{"start":{"line":103,"column":4},"end":{"line":105,"column":5}},"22":{"start":{"line":104,"column":6},"end":{"line":104,"column":58}},"23":{"start":{"line":107,"column":4},"end":{"line":109,"column":5}},"24":{"start":{"line":108,"column":6},"end":{"line":108,"column":57}},"25":{"start":{"line":111,"column":4},"end":{"line":113,"column":5}},"26":{"start":{"line":112,"column":6},"end":{"line":112,"column":65}},"27":{"start":{"line":115,"column":19},"end":{"line":115,"column":84}},"28":{"start":{"line":116,"column":4},"end":{"line":116,"column":122}},"29":{"start":{"line":117,"column":4},"end":{"line":117,"column":18}},"30":{"start":{"line":126,"column":4},"end":{"line":126,"column":52}},"31":{"start":{"line":136,"column":4},"end":{"line":136,"column":60}},"32":{"start":{"line":147,"column":4},"end":{"line":149,"column":5}},"33":{"start":{"line":148,"column":6},"end":{"line":148,"column":58}},"34":{"start":{"line":151,"column":24},"end":{"line":151,"column":73}},"35":{"start":{"line":152,"column":4},"end":{"line":156,"column":5}},"36":{"start":{"line":153,"column":6},"end":{"line":155,"column":8}},"37":{"start":{"line":158,"column":4},"end":{"line":158,"column":66}},"38":{"start":{"line":163,"column":4},"end":{"line":163,"column":62}},"39":{"start":{"line":166,"column":29},"end":{"line":166,"column":69}},"40":{"start":{"line":169,"column":0},"end":{"line":169,"column":30}}},"fnMap":{"0":{"name":"(anonymous_0)","decl":{"start":{"line":18,"column":2},"end":{"line":18,"column":3}},"loc":{"start":{"line":18,"column":69},"end":{"line":22,"column":3}},"line":18},"1":{"name":"(anonymous_1)","decl":{"start":{"line":37,"column":2},"end":{"line":37,"column":3}},"loc":{"start":{"line":37,"column":23},"end":{"line":47,"column":3}},"line":37},"2":{"name":"(anonymous_2)","decl":{"start":{"line":41,"column":21},"end":{"line":41,"column":22}},"loc":{"start":{"line":41,"column":32},"end":{"line":46,"column":5}},"line":41},"3":{"name":"(anonymous_3)","decl":{"start":{"line":54,"column":2},"end":{"line":54,"column":3}},"loc":{"start":{"line":54,"column":28},"end":{"line":70,"column":3}},"line":54},"4":{"name":"(anonymous_4)","decl":{"start":{"line":78,"column":2},"end":{"line":78,"column":3}},"loc":{"start":{"line":78,"column":38},"end":{"line":93,"column":3}},"line":78},"5":{"name":"(anonymous_5)","decl":{"start":{"line":102,"column":2},"end":{"line":102,"column":3}},"loc":{"start":{"line":102,"column":52},"end":{"line":118,"column":3}},"line":102},"6":{"name":"(anonymous_6)","decl":{"start":{"line":125,"column":2},"end":{"line":125,"column":3}},"loc":{"start":{"line":125,"column":29},"end":{"line":127,"column":3}},"line":125},"7":{"name":"(anonymous_7)","decl":{"start":{"line":135,"column":2},"end":{"line":135,"column":3}},"loc":{"start":{"line":135,"column":30},"end":{"line":137,"column":3}},"line":135},"8":{"name":"(anonymous_8)","decl":{"start":{"line":146,"column":2},"end":{"line":146,"column":3}},"loc":{"start":{"line":146,"column":36},"end":{"line":159,"column":3}},"line":146}},"branchMap":{"0":{"loc":{"start":{"line":43,"column":15},"end":{"line":43,"column":46}},"type":"binary-expr","locations":[{"start":{"line":43,"column":15},"end":{"line":43,"column":37}},{"start":{"line":43,"column":41},"end":{"line":43,"column":46}}],"line":43},"1":{"loc":{"start":{"line":55,"column":4},"end":{"line":57,"column":5}},"type":"if","locations":[{"start":{"line":55,"column":4},"end":{"line":57,"column":5}},{"start":{},"end":{}}],"line":55},"2":{"loc":{"start":{"line":60,"column":4},"end":{"line":60,"column":27}},"type":"if","locations":[{"start":{"line":60,"column":4},"end":{"line":60,"column":27}},{"start":{},"end":{}}],"line":60},"3":{"loc":{"start":{"line":66,"column":15},"end":{"line":66,"column":46}},"type":"binary-expr","locations":[{"start":{"line":66,"column":15},"end":{"line":66,"column":37}},{"start":{"line":66,"column":41},"end":{"line":66,"column":46}}],"line":66},"4":{"loc":{"start":{"line":79,"column":4},"end":{"line":81,"column":5}},"type":"if","locations":[{"start":{"line":79,"column":4},"end":{"line":81,"column":5}},{"start":{},"end":{}}],"line":79},"5":{"loc":{"start":{"line":85,"column":4},"end":{"line":88,"column":5}},"type":"if","locations":[{"start":{"line":85,"column":4},"end":{"line":88,"column":5}},{"start":{},"end":{}}],"line":85},"6":{"loc":{"start":{"line":91,"column":76},"end":{"line":91,"column":91}},"type":"cond-expr","locations":[{"start":{"line":91,"column":86},"end":{"line":91,"column":87}},{"start":{"line":91,"column":90},"end":{"line":91,"column":91}}],"line":91},"7":{"loc":{"start":{"line":103,"column":4},"end":{"line":105,"column":5}},"type":"if","locations":[{"start":{"line":103,"column":4},"end":{"line":105,"column":5}},{"start":{},"end":{}}],"line":103},"8":{"loc":{"start":{"line":107,"column":4},"end":{"line":109,"column":5}},"type":"if","locations":[{"start":{"line":107,"column":4},"end":{"line":109,"column":5}},{"start":{},"end":{}}],"line":107},"9":{"loc":{"start":{"line":107,"column":8},"end":{"line":107,"column":40}},"type":"binary-expr","locations":[{"start":{"line":107,"column":8},"end":{"line":107,"column":22}},{"start":{"line":107,"column":26},"end":{"line":107,"column":40}}],"line":107},"10":{"loc":{"start":{"line":111,"column":4},"end":{"line":113,"column":5}},"type":"if","locations":[{"start":{"line":111,"column":4},"end":{"line":113,"column":5}},{"start":{},"end":{}}],"line":111},"11":{"loc":{"start":{"line":125,"column":16},"end":{"line":125,"column":27}},"type":"default-arg","locations":[{"start":{"line":125,"column":24},"end":{"line":125,"column":27}}],"line":125},"12":{"loc":{"start":{"line":135,"column":18},"end":{"line":135,"column":28}},"type":"default-arg","locations":[{"start":{"line":135,"column":26},"end":{"line":135,"column":28}}],"line":135},"13":{"loc":{"start":{"line":147,"column":4},"end":{"line":149,"column":5}},"type":"if","locations":[{"start":{"line":147,"column":4},"end":{"line":149,"column":5}},{"start":{},"end":{}}],"line":147},"14":{"loc":{"start":{"line":152,"column":4},"end":{"line":156,"column":5}},"type":"if","locations":[{"start":{"line":152,"column":4},"end":{"line":156,"column":5}},{"start":{},"end":{}}],"line":152}},"s":{"0":5,"1":5,"2":5,"3":1,"4":1,"5":1,"6":1,"7":1,"8":1,"9":0,"10":0,"11":0,"12":0,"13":0,"14":1,"15":0,"16":1,"17":1,"18":1,"19":1,"20":1,"21":2,"22":0,"23":2,"24":0,"25":2,"26":1,"27":1,"28":1,"29":1,"30":0,"31":0,"32":3,"33":1,"34":2,"35":2,"36":1,"37":1,"38":7,"39":1,"40":1},"f":{"0":5,"1":1,"2":1,"3":1,"4":1,"5":2,"6":0,"7":0,"8":3},"b":{"0":[1,0],"1":[1,0],"2":[0,0],"3":[0,0],"4":[0,1],"5":[0,1],"6":[0,1],"7":[0,2],"8":[0,2],"9":[2,2],"10":[1,1],"11":[0],"12":[0],"13":[1,2],"14":[1,1]},"_coverageSchema":"1a1c01bbd47fc00a2c39e90264f33305004495a9","hash":"2469ef029b27eadad10b13e7a11ace387d220741"}
}
