TN:
SF:repositories/BlacklistRepository.js
FN:15,(anonymous_0)
FN:26,(anonymous_1)
FN:36,(anonymous_2)
FN:40,(anonymous_3)
FN:48,(anonymous_4)
FN:61,(anonymous_5)
FN:73,(anonymous_6)
FNF:7
FNH:5
FNDA:1,(anonymous_0)
FNDA:2,(anonymous_1)
FNDA:0,(anonymous_2)
FNDA:0,(anonymous_3)
FNDA:1,(anonymous_4)
FNDA:1,(anonymous_5)
FNDA:1,(anonymous_6)
DA:16,1
DA:27,2
DA:37,0
DA:40,0
DA:49,1
DA:62,1
DA:65,1
DA:74,1
DA:77,1
DA:81,1
LF:10
LH:8
BRDA:61,0,0,0
BRF:1
BRH:0
end_of_record
TN:
SF:repositories/FeatureFlagRepository.js
FN:17,(anonymous_0)
FN:33,(anonymous_1)
FN:40,(anonymous_2)
FN:48,(anonymous_3)
FN:50,(anonymous_4)
FN:59,(anonymous_5)
FNF:6
FNH:6
FNDA:1,(anonymous_0)
FNDA:6,(anonymous_1)
FNDA:2,(anonymous_2)
FNDA:2,(anonymous_3)
FNDA:12,(anonymous_4)
FNDA:1,(anonymous_5)
DA:18,1
DA:19,1
DA:26,1
DA:30,1
DA:33,6
DA:41,2
DA:49,2
DA:50,12
DA:60,1
DA:63,1
DA:67,1
LF:11
LH:11
BRDA:62,0,0,0
BRDA:62,0,1,1
BRF:2
BRH:1
end_of_record
TN:
SF:repositories/FloodRateRepository.js
FN:15,(anonymous_0)
FN:38,(anonymous_1)
FN:47,(anonymous_2)
FN:58,(anonymous_3)
FN:71,(anonymous_4)
FN:87,(anonymous_5)
FN:99,(anonymous_6)
FN:111,(anonymous_7)
FNF:8
FNH:7
FNDA:1,(anonymous_0)
FNDA:3,(anonymous_1)
FNDA:1,(anonymous_2)
FNDA:1,(anonymous_3)
FNDA:1,(anonymous_4)
FNDA:1,(anonymous_5)
FNDA:1,(anonymous_6)
FNDA:0,(anonymous_7)
DA:16,1
DA:17,1
DA:24,1
DA:28,1
DA:34,1
DA:38,1
DA:39,3
DA:48,1
DA:59,1
DA:72,1
DA:77,1
DA:88,1
DA:91,1
DA:100,1
DA:112,0
DA:118,1
LF:16
LH:15
BRDA:99,0,0,0
BRDA:111,1,0,0
BRF:2
BRH:0
end_of_record
TN:
SF:services/FirewallService.js
FN:27,(anonymous_0)
FN:45,(anonymous_1)
FN:55,(anonymous_2)
FN:72,(anonymous_3)
FN:83,(anonymous_4)
FN:107,(anonymous_5)
FN:120,(anonymous_6)
FN:131,(anonymous_7)
FN:156,(anonymous_8)
FNF:9
FNH:7
FNDA:8,(anonymous_0)
FNDA:1,(anonymous_1)
FNDA:2,(anonymous_2)
FNDA:0,(anonymous_3)
FNDA:2,(anonymous_4)
FNDA:1,(anonymous_5)
FNDA:0,(anonymous_6)
FNDA:2,(anonymous_7)
FNDA:1,(anonymous_8)
DA:18,1
DA:28,8
DA:29,8
DA:30,8
DA:31,8
DA:46,1
DA:56,2
DA:57,2
DA:58,1
DA:61,1
DA:62,1
DA:64,1
DA:73,0
DA:84,2
DA:85,1
DA:89,1
DA:90,1
DA:92,1
DA:93,1
DA:95,0
DA:98,0
DA:99,0
DA:108,1
DA:109,1
DA:111,0
DA:112,0
DA:121,0
DA:132,2
DA:133,2
DA:134,1
DA:138,1
DA:139,1
DA:141,0
DA:142,0
DA:144,0
DA:147,1
DA:148,1
DA:157,1
DA:158,1
DA:160,0
DA:161,0
DA:165,1
LF:42
LH:30
BRDA:57,0,0,1
BRDA:57,0,1,1
BRDA:62,1,0,0
BRDA:62,1,1,1
BRDA:83,2,0,2
BRDA:84,3,0,1
BRDA:84,3,1,1
BRDA:92,4,0,1
BRDA:92,4,1,0
BRDA:109,5,0,1
BRDA:109,5,1,0
BRDA:131,6,0,1
BRDA:133,7,0,1
BRDA:133,7,1,1
BRDA:133,8,0,2
BRDA:133,8,1,2
BRDA:133,8,2,2
BRDA:141,9,0,0
BRDA:141,9,1,0
BRDA:158,10,0,1
BRDA:158,10,1,0
BRF:21
BRH:15
end_of_record
TN:
SF:services/FloodService.js
FN:18,(anonymous_0)
FN:37,(anonymous_1)
FN:41,(anonymous_2)
FN:54,(anonymous_3)
FN:78,(anonymous_4)
FN:102,(anonymous_5)
FN:125,(anonymous_6)
FN:135,(anonymous_7)
FN:146,(anonymous_8)
FNF:9
FNH:7
FNDA:5,(anonymous_0)
FNDA:1,(anonymous_1)
FNDA:1,(anonymous_2)
FNDA:1,(anonymous_3)
FNDA:1,(anonymous_4)
FNDA:2,(anonymous_5)
FNDA:0,(anonymous_6)
FNDA:0,(anonymous_7)
FNDA:3,(anonymous_8)
DA:19,5
DA:20,5
DA:21,5
DA:38,1
DA:39,1
DA:41,1
DA:55,1
DA:56,1
DA:59,0
DA:60,0
DA:62,0
DA:64,0
DA:79,1
DA:80,0
DA:84,1
DA:85,1
DA:90,1
DA:91,1
DA:92,1
DA:103,2
DA:104,0
DA:107,2
DA:108,0
DA:111,2
DA:112,1
DA:115,1
DA:116,1
DA:117,1
DA:126,0
DA:136,0
DA:147,3
DA:148,1
DA:151,2
DA:152,2
DA:153,1
DA:158,1
DA:163,7
DA:166,1
DA:169,1
LF:39
LH:30
BRDA:43,0,0,1
BRDA:43,0,1,0
BRDA:55,1,0,1
BRDA:55,1,1,0
BRDA:60,2,0,0
BRDA:60,2,1,0
BRDA:66,3,0,0
BRDA:66,3,1,0
BRDA:79,4,0,0
BRDA:79,4,1,1
BRDA:85,5,0,0
BRDA:85,5,1,1
BRDA:91,6,0,0
BRDA:91,6,1,1
BRDA:103,7,0,0
BRDA:103,7,1,2
BRDA:107,8,0,0
BRDA:107,8,1,2
BRDA:107,9,0,2
BRDA:107,9,1,2
BRDA:111,10,0,1
BRDA:111,10,1,1
BRDA:125,11,0,0
BRDA:135,12,0,0
BRDA:147,13,0,1
BRDA:147,13,1,2
BRDA:152,14,0,1
BRDA:152,14,1,1
BRF:28
BRH:15
end_of_record
